/work/versal/vd100-aie-pipeline/mm2s/mm2s/hls/.autopilot/db/mm2s.pp.0.cpp:2260:5: remark: Added loop label VITIS_LOOP_676_1:   [xilinx-label-all-loops]
    for (unsigned i = low; i != high+1; ++i) {
    ^
    VITIS_LOOP_676_1: 
/work/versal/vd100-aie-pipeline/mm2s/mm2s/hls/.autopilot/db/mm2s.pp.0.cpp:2260:5: note: FIX-IT applied suggested code changes
/work/versal/vd100-aie-pipeline/mm2s/mm2s/hls/.autopilot/db/mm2s.pp.0.cpp:2274:5: remark: Added loop label VITIS_LOOP_690_1:   [xilinx-label-all-loops]
    for (unsigned i = low; i != high+1; ++i) {
    ^
    VITIS_LOOP_690_1: 
/work/versal/vd100-aie-pipeline/mm2s/mm2s/hls/.autopilot/db/mm2s.pp.0.cpp:2274:5: note: FIX-IT applied suggested code changes
/work/versal/vd100-aie-pipeline/mm2s/mm2s/hls/.autopilot/db/mm2s.pp.0.cpp:2288:5: remark: Added loop label VITIS_LOOP_704_1:   [xilinx-label-all-loops]
    for (unsigned i = low; i != high+1; ++i) {
    ^
    VITIS_LOOP_704_1: 
/work/versal/vd100-aie-pipeline/mm2s/mm2s/hls/.autopilot/db/mm2s.pp.0.cpp:2288:5: note: FIX-IT applied suggested code changes
/work/versal/vd100-aie-pipeline/mm2s/mm2s/hls/.autopilot/db/mm2s.pp.0.cpp:5839:7: remark: Added loop label VITIS_LOOP_1251_1:   [xilinx-label-all-loops]
      for (i = 0; i < __N - 1; ++i) {
      ^
      VITIS_LOOP_1251_1: 
/work/versal/vd100-aie-pipeline/mm2s/mm2s/hls/.autopilot/db/mm2s.pp.0.cpp:5839:7: note: FIX-IT applied suggested code changes
/work/versal/vd100-aie-pipeline/mm2s/mm2s/hls/.autopilot/db/mm2s.pp.0.cpp:56331:2: remark: Added loop label VITIS_LOOP_23_1:   [xilinx-label-all-loops]
 for(int i = 0; i < size; i++) {
 ^
 VITIS_LOOP_23_1: 
/work/versal/vd100-aie-pipeline/mm2s/mm2s/hls/.autopilot/db/mm2s.pp.0.cpp:56331:2: note: FIX-IT applied suggested code changes
