directive:1:1: warning: HLS pragma dump _XLX_SEP_ PragmaIsValid=1_XLX_SEP_ PragmaType=top_XLX_SEP_ PragmaContext=directive_XLX_SEP_ PragmaFunction=s2mm_XLX_SEP_ PragmaOptions=name=s2mm_XLX_SEP_ [-Wdump-hls-pragmas]
#pragma HLSDIRECTIVE TOP name=s2mm
^
../vd100-aie-ma-crossover/src/s2mm.cpp:15:1: warning: HLS pragma dump _XLX_SEP_ PragmaIsValid=1_XLX_SEP_ PragmaType=interface_XLX_SEP_ PragmaContext=hls_XLX_SEP_ PragmaFunction=s2mm_XLX_SEP_ PragmaOptions=m_axi port=mem offset=slave bundle=gmem_XLX_SEP_ [-Wdump-hls-pragmas]
#pragma HLS INTERFACE m_axi port=mem offset=slave bundle=gmem
^
../vd100-aie-ma-crossover/src/s2mm.cpp:17:1: warning: HLS pragma dump _XLX_SEP_ PragmaIsValid=1_XLX_SEP_ PragmaType=interface_XLX_SEP_ PragmaContext=hls_XLX_SEP_ PragmaFunction=s2mm_XLX_SEP_ PragmaOptions=axis port=s_XLX_SEP_ [-Wdump-hls-pragmas]
#pragma HLS interface axis port=s
^
../vd100-aie-ma-crossover/src/s2mm.cpp:19:1: warning: HLS pragma dump _XLX_SEP_ PragmaIsValid=1_XLX_SEP_ PragmaType=interface_XLX_SEP_ PragmaContext=hls_XLX_SEP_ PragmaFunction=s2mm_XLX_SEP_ PragmaOptions=s_axilite port=mem bundle=control_XLX_SEP_ [-Wdump-hls-pragmas]
#pragma HLS INTERFACE s_axilite port=mem bundle=control
^
../vd100-aie-ma-crossover/src/s2mm.cpp:20:1: warning: HLS pragma dump _XLX_SEP_ PragmaIsValid=1_XLX_SEP_ PragmaType=interface_XLX_SEP_ PragmaContext=hls_XLX_SEP_ PragmaFunction=s2mm_XLX_SEP_ PragmaOptions=s_axilite port=size bundle=control_XLX_SEP_ [-Wdump-hls-pragmas]
#pragma HLS INTERFACE s_axilite port=size bundle=control
^
../vd100-aie-ma-crossover/src/s2mm.cpp:21:1: warning: HLS pragma dump _XLX_SEP_ PragmaIsValid=1_XLX_SEP_ PragmaType=interface_XLX_SEP_ PragmaContext=hls_XLX_SEP_ PragmaFunction=s2mm_XLX_SEP_ PragmaOptions=s_axilite port=return bundle=control_XLX_SEP_ [-Wdump-hls-pragmas]
#pragma HLS interface s_axilite port=return bundle=control
^
../vd100-aie-ma-crossover/src/s2mm.cpp:24:1: warning: HLS pragma dump _XLX_SEP_ PragmaIsValid=1_XLX_SEP_ PragmaType=pipeline_XLX_SEP_ PragmaContext=hls_XLX_SEP_ PragmaFunction=s2mm_XLX_SEP_ PragmaOptions=II=1_XLX_SEP_ [-Wdump-hls-pragmas]
#pragma HLS PIPELINE II=1
^
7 warnings generated.
